<?xml version="1.0" encoding="UTF-8"?>
<!-- Generated by org.testng.reporters.JUnitXMLReporter -->
<testsuite hostname="BAOJU-20150605W" ignored="1" name="lili" tests="2" failures="0" timestamp="22 十一月 2017 09:10:57 GMT" time="21.242" errors="0">
  <testcase name="login" time="1.374" classname="Case.Login"/>
  <testcase name="buyNow" time="19.835" classname="Case.Login"/>
  <testcase name="TestAddCart" time="0.0" classname="Case.Login">
    <ignored/>
  </testcase> <!-- TestAddCart -->
</testsuite> <!-- lili -->
